TN:
SF:src/App.tsx
FN:5,App
FNF:1
FNH:1
FNDA:2,App
DA:1,1
DA:2,1
DA:3,1
DA:8,2
DA:17,1
LF:5
LH:5
BRF:0
BRH:0
end_of_record
TN:
SF:src/Components/Footer/Footer.tsx
FN:8,Footer
FN:12,deleteRow
FN:18,handleDeleteRows
FN:34,(anonymous_4)
FN:43,(anonymous_5)
FN:50,(anonymous_6)
FNF:6
FNH:1
FNDA:1,Footer
FNDA:0,deleteRow
FNDA:0,handleDeleteRows
FNDA:0,(anonymous_4)
FNDA:0,(anonymous_5)
FNDA:0,(anonymous_6)
DA:1,1
DA:2,1
DA:3,1
DA:4,1
DA:5,1
DA:6,1
DA:8,1
DA:9,1
DA:10,1
DA:13,0
DA:14,0
DA:19,0
DA:20,0
DA:21,0
DA:23,1
DA:34,0
DA:44,0
DA:50,0
LF:18
LH:10
BRDA:13,0,0,0
BRF:1
BRH:0
end_of_record
TN:
SF:src/Components/Header/Header.tsx
FN:3,Header
FNF:1
FNH:1
FNDA:1,Header
DA:1,1
DA:2,1
DA:3,1
DA:4,1
LF:4
LH:4
BRF:0
BRH:0
end_of_record
TN:
SF:src/Components/Modal/Modal.tsx
FN:7,Modal
FN:11,(anonymous_1)
FNF:2
FNH:1
FNDA:1,Modal
FNDA:0,(anonymous_1)
DA:6,1
DA:7,1
DA:8,1
DA:11,0
LF:4
LH:3
BRDA:9,0,0,0
BRDA:9,0,1,1
BRF:2
BRH:1
end_of_record
TN:
SF:src/Components/TableVirtualized/index.tsx
FN:5,Table
FNF:1
FNH:1
FNDA:2,Table
DA:1,1
DA:2,1
DA:3,1
DA:5,1
DA:6,2
DA:7,1
LF:6
LH:6
BRF:0
BRH:0
end_of_record
TN:
SF:src/Components/TableVirtualized/Table/TableVirtualized.tsx
FN:18,TableVirtualized
FN:23,handleOnBlur
FN:56,(anonymous_2)
FN:58,(anonymous_3)
FN:58,(anonymous_4)
FN:59,(anonymous_5)
FN:60,(anonymous_6)
FN:69,(anonymous_7)
FN:70,(anonymous_8)
FN:71,(anonymous_9)
FN:72,(anonymous_10)
FNF:11
FNH:10
FNDA:7,TableVirtualized
FNDA:1,handleOnBlur
FNDA:12,(anonymous_2)
FNDA:1,(anonymous_3)
FNDA:1,(anonymous_4)
FNDA:36,(anonymous_5)
FNDA:1,(anonymous_6)
FNDA:6,(anonymous_7)
FNDA:1,(anonymous_8)
FNDA:0,(anonymous_9)
FNDA:1,(anonymous_10)
DA:1,2
DA:3,2
DA:4,2
DA:18,2
DA:19,7
DA:21,7
DA:25,1
DA:26,1
DA:31,7
DA:57,12
DA:58,1
DA:60,36
DA:69,6
DA:70,1
DA:71,0
DA:72,1
LF:16
LH:15
BRDA:61,0,0,0
BRDA:61,0,1,1
BRDA:67,1,0,3
BRDA:67,1,1,33
BRDA:67,2,0,36
BRDA:67,2,1,9
BRDA:78,3,0,6
BRDA:78,3,1,6
BRF:8
BRH:7
end_of_record
TN:
SF:src/contexts/ListContext.tsx
FN:18,ListContextProvider
FN:21,(anonymous_2)
FN:22,(anonymous_3)
FN:24,(anonymous_4)
FN:35,(anonymous_5)
FN:37,(anonymous_6)
FN:41,(anonymous_7)
FN:42,(anonymous_8)
FN:50,handleRowSelected
FN:53,(anonymous_10)
FN:61,handleSelectAllRows
FN:66,(anonymous_12)
FN:71,handleEditRow
FN:74,(anonymous_14)
FN:79,handleDeleteRow
FN:80,(anonymous_16)
FNF:16
FNH:15
FNDA:19,ListContextProvider
FNDA:5,(anonymous_2)
FNDA:5,(anonymous_3)
FNDA:15,(anonymous_4)
FNDA:13,(anonymous_5)
FNDA:21,(anonymous_6)
FNDA:19,(anonymous_7)
FNDA:10,(anonymous_8)
FNDA:4,handleRowSelected
FNDA:0,(anonymous_10)
FNDA:2,handleSelectAllRows
FNDA:3,(anonymous_12)
FNDA:2,handleEditRow
FNDA:6,(anonymous_14)
FNDA:1,handleDeleteRow
FNDA:3,(anonymous_16)
DA:1,2
DA:4,2
DA:17,2
DA:18,2
DA:19,19
DA:20,19
DA:21,19
DA:22,5
DA:23,5
DA:24,15
DA:31,5
DA:35,19
DA:36,13
DA:37,21
DA:38,13
DA:41,19
DA:42,19
DA:46,19
DA:47,19
DA:51,4
DA:52,4
DA:53,0
DA:54,0
DA:57,4
DA:63,2
DA:64,1
DA:66,3
DA:67,1
DA:72,2
DA:73,2
DA:74,6
DA:75,2
DA:80,3
DA:81,1
DA:82,1
DA:84,19
LF:36
LH:34
BRDA:52,0,0,0
BRDA:57,1,0,4
BRDA:57,1,1,0
BRDA:63,2,0,1
BRDA:74,3,0,2
BRDA:74,3,1,4
BRF:6
BRH:4
end_of_record
TN:
SF:src/hooks/useList.tsx
FN:4,useList
FNF:1
FNH:1
FNDA:3,useList
DA:1,1
DA:2,1
DA:4,1
DA:5,3
DA:7,2
LF:5
LH:5
BRF:0
BRH:0
end_of_record
